# JRE version: OpenJDK Runtime Environment Microsoft-11369940 (21.0.7+6) (build 21.0.7+6-LTS)
# Java VM: OpenJDK 64-Bit Server VM Microsoft-11369940 (21.0.7+6-LTS, mixed mode, tiered, compressed oops, compressed class ptrs, g1 gc, windows-amd64)
GC Precious Log:
 CardTable entry size: 512
 Card Set container configuration: InlinePtr #cards 3 size 8 Array Of Cards #cards 256 size 528 Howl #buckets 8 coarsen threshold 58982 Howl Bitmap #cards 8192 size 1040 coarsen threshold 7372 Card regions per heap region 1 cards per card region 65536
 CPUs: 8 total, 8 available
 Memory: 16328M
 Large Page Support: Disabled
 NUMA Support: Disabled
 Compressed Oops: Enabled (32-bit)
 Heap Region Size: 32M
 Heap Min Capacity: 32M
 Heap Initial Capacity: 256M
 Heap Max Capacity: 2G
 Pre-touch: Disabled
 Parallel Workers: 8
 Concurrent Workers: 2
 Concurrent Refinement Workers: 8
 Periodic GC: Disabled
Heap:
 garbage-first heap   total 1540096K, used 965972K [0x0000000080000000, 0x0000000100000000)
  region size 32768K, 5 young (163840K), 1 survivors (32768K)
 Metaspace       used 160373K, committed 162176K, reserved 1245184K
  class space    used 23334K, committed 24128K, reserved 1048576K
GC Heap History (20 events):
Event: 120.920 GC heap before
{Heap before GC invocations=153 (full 0):
 garbage-first heap   total 1474560K, used 1208270K [0x0000000080000000, 0x0000000100000000)
  region size 32768K, 14 young (458752K), 2 survivors (65536K)
 Metaspace       used 160155K, committed 161920K, reserved 1245184K
  class space    used 23311K, committed 24064K, reserved 1048576K
}
Event: 120.944 GC heap after
{Heap after GC invocations=154 (full 0):
 garbage-first heap   total 1474560K, used 856365K [0x0000000080000000, 0x0000000100000000)
  region size 32768K, 2 young (65536K), 2 survivors (65536K)
 Metaspace       used 160155K, committed 161920K, reserved 1245184K
  class space    used 23311K, committed 24064K, reserved 1048576K
}
Event: 121.625 GC heap before
{Heap before GC invocations=154 (full 0):
 garbage-first heap   total 1474560K, used 1216813K [0x0000000080000000, 0x0000000100000000)
  region size 32768K, 14 young (458752K), 2 survivors (65536K)
 Metaspace       used 160173K, committed 161920K, reserved 1245184K
  class space    used 23313K, committed 24064K, reserved 1048576K
}
Event: 121.651 GC heap after
{Heap after GC invocations=155 (full 0):
 garbage-first heap   total 1474560K, used 856920K [0x0000000080000000, 0x0000000100000000)
  region size 32768K, 2 young (65536K), 2 survivors (65536K)
 Metaspace       used 160173K, committed 161920K, reserved 1245184K
  class space    used 23313K, committed 24064K, reserved 1048576K
}
Event: 122.304 GC heap before
{Heap before GC invocations=155 (full 0):
 garbage-first heap   total 1474560K, used 1250136K [0x0000000080000000, 0x0000000100000000)
  region size 32768K, 14 young (458752K), 2 survivors (65536K)
 Metaspace       used 160177K, committed 161920K, reserved 1245184K
  class space    used 23313K, committed 24064K, reserved 1048576K
}
Event: 122.322 GC heap after
{Heap after GC invocations=156 (full 0):
 garbage-first heap   total 1474560K, used 866844K [0x0000000080000000, 0x0000000100000000)
  region size 32768K, 2 young (65536K), 2 survivors (65536K)
 Metaspace       used 160177K, committed 161920K, reserved 1245184K
  class space    used 23313K, committed 24064K, reserved 1048576K
}
Event: 123.109 GC heap before
{Heap before GC invocations=156 (full 0):
 garbage-first heap   total 1474560K, used 1194524K [0x0000000080000000, 0x0000000100000000)
  region size 32768K, 13 young (425984K), 2 survivors (65536K)
 Metaspace       used 160199K, committed 162048K, reserved 1245184K
  class space    used 23318K, committed 24128K, reserved 1048576K
}
Event: 123.126 GC heap after
{Heap after GC invocations=157 (full 0):
 garbage-first heap   total 1474560K, used 870193K [0x0000000080000000, 0x0000000100000000)
  region size 32768K, 2 young (65536K), 2 survivors (65536K)
 Metaspace       used 160199K, committed 162048K, reserved 1245184K
  class space    used 23318K, committed 24128K, reserved 1048576K
}
Event: 127.669 GC heap before
{Heap before GC invocations=158 (full 0):
 garbage-first heap   total 1540096K, used 1197873K [0x0000000080000000, 0x0000000100000000)
  region size 32768K, 12 young (393216K), 2 survivors (65536K)
 Metaspace       used 160232K, committed 162048K, reserved 1245184K
  class space    used 23318K, committed 24128K, reserved 1048576K
}
Event: 127.683 GC heap after
{Heap after GC invocations=159 (full 0):
 garbage-first heap   total 1540096K, used 869407K [0x0000000080000000, 0x0000000100000000)
  region size 32768K, 1 young (32768K), 1 survivors (32768K)
 Metaspace       used 160232K, committed 162048K, reserved 1245184K
  class space    used 23318K, committed 24128K, reserved 1048576K
}
Event: 134.694 GC heap before
{Heap before GC invocations=159 (full 0):
 garbage-first heap   total 1540096K, used 1328159K [0x0000000080000000, 0x0000000100000000)
  region size 32768K, 15 young (491520K), 1 survivors (32768K)
 Metaspace       used 160258K, committed 162048K, reserved 1245184K
  class space    used 23319K, committed 24128K, reserved 1048576K
}
Event: 134.718 GC heap after
{Heap after GC invocations=160 (full 0):
 garbage-first heap   total 1540096K, used 866523K [0x0000000080000000, 0x0000000100000000)
  region size 32768K, 1 young (32768K), 1 survivors (32768K)
 Metaspace       used 160258K, committed 162048K, reserved 1245184K
  class space    used 23319K, committed 24128K, reserved 1048576K
}
Event: 141.542 GC heap before
{Heap before GC invocations=160 (full 0):
 garbage-first heap   total 1540096K, used 1325275K [0x0000000080000000, 0x0000000100000000)
  region size 32768K, 15 young (491520K), 1 survivors (32768K)
 Metaspace       used 160270K, committed 162048K, reserved 1245184K
  class space    used 23321K, committed 24128K, reserved 1048576K
}
Event: 141.556 GC heap after
{Heap after GC invocations=161 (full 0):
 garbage-first heap   total 1540096K, used 866656K [0x0000000080000000, 0x0000000100000000)
  region size 32768K, 1 young (32768K), 1 survivors (32768K)
 Metaspace       used 160270K, committed 162048K, reserved 1245184K
  class space    used 23321K, committed 24128K, reserved 1048576K
}
Event: 148.547 GC heap before
{Heap before GC invocations=162 (full 0):
 garbage-first heap   total 1540096K, used 1325408K [0x0000000080000000, 0x0000000100000000)
  region size 32768K, 15 young (491520K), 1 survivors (32768K)
 Metaspace       used 160280K, committed 162112K, reserved 1245184K
  class space    used 23321K, committed 24128K, reserved 1048576K
}
Event: 148.559 GC heap after
{Heap after GC invocations=163 (full 0):
 garbage-first heap   total 1540096K, used 866053K [0x0000000080000000, 0x0000000100000000)
  region size 32768K, 1 young (32768K), 1 survivors (32768K)
 Metaspace       used 160280K, committed 162112K, reserved 1245184K
  class space    used 23321K, committed 24128K, reserved 1048576K
}
Event: 155.599 GC heap before
{Heap before GC invocations=163 (full 0):
 garbage-first heap   total 1540096K, used 1324805K [0x0000000080000000, 0x0000000100000000)
  region size 32768K, 15 young (491520K), 1 survivors (32768K)
 Metaspace       used 160308K, committed 162112K, reserved 1245184K
  class space    used 23326K, committed 24128K, reserved 1048576K
}
Event: 155.620 GC heap after
{Heap after GC invocations=164 (full 0):
 garbage-first heap   total 1540096K, used 863194K [0x0000000080000000, 0x0000000100000000)
  region size 32768K, 1 young (32768K), 1 survivors (32768K)
 Metaspace       used 160308K, committed 162112K, reserved 1245184K
  class space    used 23326K, committed 24128K, reserved 1048576K
}
Event: 162.259 GC heap before
{Heap before GC invocations=164 (full 0):
 garbage-first heap   total 1540096K, used 1321946K [0x0000000080000000, 0x0000000100000000)
  region size 32768K, 15 young (491520K), 1 survivors (32768K)
 Metaspace       used 160341K, committed 162176K, reserved 1245184K
  class space    used 23326K, committed 24128K, reserved 1048576K
}
Event: 162.276 GC heap after
{Heap after GC invocations=165 (full 0):
 garbage-first heap   total 1540096K, used 867668K [0x0000000080000000, 0x0000000100000000)
  region size 32768K, 1 young (32768K), 1 survivors (32768K)
 Metaspace       used 160341K, committed 162176K, reserved 1245184K
  class space    used 23326K, committed 24128K, reserved 1048576K
}

