# JRE version: OpenJDK Runtime Environment Temurin-21.0.10+7 (21.0.10+7) (build 21.0.10+7-LTS)
# Java VM: OpenJDK 64-Bit Server VM Temurin-21.0.10+7 (21.0.10+7-LTS, mixed mode, sharing, tiered, compressed oops, compressed class ptrs, g1 gc, windows-amd64)
GC Precious Log:
 CardTable entry size: 512
 Card Set container configuration: InlinePtr #cards 4 size 8 Array Of Cards #cards 16 size 48 Howl #buckets 8 coarsen threshold 3686 Howl Bitmap #cards 512 size 80 coarsen threshold 460 Card regions per heap region 1 cards per card region 4096
 CPUs: 8 total, 8 available
 Memory: 16328M
 Large Page Support: Disabled
 NUMA Support: Disabled
 Compressed Oops: Enabled (Zero based)
 Heap Region Size: 2M
 Heap Min Capacity: 8M
 Heap Initial Capacity: 256M
 Heap Max Capacity: 4084M
 Pre-touch: Disabled
 Parallel Workers: 8
 Concurrent Workers: 2
 Concurrent Refinement Workers: 8
 Periodic GC: Disabled
Heap:
 garbage-first heap   total 579584K, used 300356K [0x0000000700c00000, 0x0000000800000000)
  region size 2048K, 82 young (167936K), 5 survivors (10240K)
 Metaspace       used 112424K, committed 114368K, reserved 1179648K
  class space    used 14295K, committed 15488K, reserved 1048576K
GC Heap History (20 events):
Event: 4404.747 GC heap before
{Heap before GC invocations=93 (full 0):
 garbage-first heap   total 536576K, used 498153K [0x0000000700c00000, 0x0000000800000000)
  region size 2048K, 101 young (206848K), 9 survivors (18432K)
 Metaspace       used 101237K, committed 108096K, reserved 1179648K
  class space    used 13373K, committed 15488K, reserved 1048576K
}
Event: 4404.785 GC heap after
{Heap after GC invocations=94 (full 0):
 garbage-first heap   total 542720K, used 300371K [0x0000000700c00000, 0x0000000800000000)
  region size 2048K, 9 young (18432K), 9 survivors (18432K)
 Metaspace       used 101237K, committed 108096K, reserved 1179648K
  class space    used 13373K, committed 15488K, reserved 1048576K
}
Event: 4430.125 GC heap before
{Heap before GC invocations=94 (full 0):
 garbage-first heap   total 542720K, used 501075K [0x0000000700c00000, 0x0000000800000000)
  region size 2048K, 107 young (219136K), 9 survivors (18432K)
 Metaspace       used 101283K, committed 108096K, reserved 1179648K
  class space    used 13373K, committed 15488K, reserved 1048576K
}
Event: 4430.152 GC heap after
{Heap after GC invocations=95 (full 0):
 garbage-first heap   total 542720K, used 305708K [0x0000000700c00000, 0x0000000800000000)
  region size 2048K, 11 young (22528K), 11 survivors (22528K)
 Metaspace       used 101283K, committed 108096K, reserved 1179648K
  class space    used 13373K, committed 15488K, reserved 1048576K
}
Event: 4460.982 GC heap before
{Heap before GC invocations=96 (full 0):
 garbage-first heap   total 542720K, used 502316K [0x0000000700c00000, 0x0000000800000000)
  region size 2048K, 108 young (221184K), 11 survivors (22528K)
 Metaspace       used 100574K, committed 107584K, reserved 1179648K
  class space    used 13293K, committed 15488K, reserved 1048576K
}
Event: 4461.002 GC heap after
{Heap after GC invocations=97 (full 0):
 garbage-first heap   total 542720K, used 311750K [0x0000000700c00000, 0x0000000800000000)
  region size 2048K, 11 young (22528K), 11 survivors (22528K)
 Metaspace       used 100574K, committed 107584K, reserved 1179648K
  class space    used 13293K, committed 15488K, reserved 1048576K
}
Event: 4496.890 GC heap before
{Heap before GC invocations=97 (full 0):
 garbage-first heap   total 542720K, used 522694K [0x0000000700c00000, 0x0000000800000000)
  region size 2048K, 107 young (219136K), 11 survivors (22528K)
 Metaspace       used 106656K, committed 109120K, reserved 1179648K
  class space    used 13839K, committed 15488K, reserved 1048576K
}
Event: 4496.939 GC heap after
{Heap after GC invocations=98 (full 0):
 garbage-first heap   total 579584K, used 285600K [0x0000000700c00000, 0x0000000800000000)
  region size 2048K, 10 young (20480K), 10 survivors (20480K)
 Metaspace       used 106656K, committed 109120K, reserved 1179648K
  class space    used 13839K, committed 15488K, reserved 1048576K
}
Event: 4500.146 GC heap before
{Heap before GC invocations=98 (full 0):
 garbage-first heap   total 579584K, used 529312K [0x0000000700c00000, 0x0000000800000000)
  region size 2048K, 130 young (266240K), 10 survivors (20480K)
 Metaspace       used 111613K, committed 113536K, reserved 1179648K
  class space    used 14282K, committed 15488K, reserved 1048576K
}
Event: 4500.166 GC heap after
{Heap after GC invocations=99 (full 0):
 garbage-first heap   total 579584K, used 284835K [0x0000000700c00000, 0x0000000800000000)
  region size 2048K, 7 young (14336K), 7 survivors (14336K)
 Metaspace       used 111613K, committed 113536K, reserved 1179648K
  class space    used 14282K, committed 15488K, reserved 1048576K
}
Event: 4501.512 GC heap before
{Heap before GC invocations=99 (full 0):
 garbage-first heap   total 579584K, used 538787K [0x0000000700c00000, 0x0000000800000000)
  region size 2048K, 131 young (268288K), 7 survivors (14336K)
 Metaspace       used 111876K, committed 113792K, reserved 1179648K
  class space    used 14283K, committed 15488K, reserved 1048576K
}
Event: 4501.519 GC heap after
{Heap after GC invocations=100 (full 0):
 garbage-first heap   total 579584K, used 284172K [0x0000000700c00000, 0x0000000800000000)
  region size 2048K, 7 young (14336K), 7 survivors (14336K)
 Metaspace       used 111876K, committed 113792K, reserved 1179648K
  class space    used 14283K, committed 15488K, reserved 1048576K
}
Event: 4503.138 GC heap before
{Heap before GC invocations=101 (full 0):
 garbage-first heap   total 579584K, used 503308K [0x0000000700c00000, 0x0000000800000000)
  region size 2048K, 134 young (274432K), 7 survivors (14336K)
 Metaspace       used 112091K, committed 113984K, reserved 1179648K
  class space    used 14284K, committed 15488K, reserved 1048576K
}
Event: 4503.146 GC heap after
{Heap after GC invocations=102 (full 0):
 garbage-first heap   total 579584K, used 239850K [0x0000000700c00000, 0x0000000800000000)
  region size 2048K, 5 young (10240K), 5 survivors (10240K)
 Metaspace       used 112091K, committed 113984K, reserved 1179648K
  class space    used 14284K, committed 15488K, reserved 1048576K
}
Event: 4504.870 GC heap before
{Heap before GC invocations=102 (full 0):
 garbage-first heap   total 579584K, used 545002K [0x0000000700c00000, 0x0000000800000000)
  region size 2048K, 154 young (315392K), 5 survivors (10240K)
 Metaspace       used 112271K, committed 114176K, reserved 1179648K
  class space    used 14291K, committed 15488K, reserved 1048576K
}
Event: 4504.881 GC heap after
{Heap after GC invocations=103 (full 0):
 garbage-first heap   total 579584K, used 177675K [0x0000000700c00000, 0x0000000800000000)
  region size 2048K, 5 young (10240K), 5 survivors (10240K)
 Metaspace       used 112271K, committed 114176K, reserved 1179648K
  class space    used 14291K, committed 15488K, reserved 1048576K
}
Event: 4506.451 GC heap before
{Heap before GC invocations=103 (full 0):
 garbage-first heap   total 579584K, used 513547K [0x0000000700c00000, 0x0000000800000000)
  region size 2048K, 169 young (346112K), 5 survivors (10240K)
 Metaspace       used 112350K, committed 114240K, reserved 1179648K
  class space    used 14291K, committed 15488K, reserved 1048576K
}
Event: 4506.462 GC heap after
{Heap after GC invocations=104 (full 0):
 garbage-first heap   total 579584K, used 166880K [0x0000000700c00000, 0x0000000800000000)
  region size 2048K, 5 young (10240K), 5 survivors (10240K)
 Metaspace       used 112350K, committed 114240K, reserved 1179648K
  class space    used 14291K, committed 15488K, reserved 1048576K
}
Event: 4507.804 GC heap before
{Heap before GC invocations=104 (full 0):
 garbage-first heap   total 579584K, used 502752K [0x0000000700c00000, 0x0000000800000000)
  region size 2048K, 169 young (346112K), 5 survivors (10240K)
 Metaspace       used 112410K, committed 114304K, reserved 1179648K
  class space    used 14295K, committed 15488K, reserved 1048576K
}
Event: 4507.826 GC heap after
{Heap after GC invocations=105 (full 0):
 garbage-first heap   total 579584K, used 144708K [0x0000000700c00000, 0x0000000800000000)
  region size 2048K, 5 young (10240K), 5 survivors (10240K)
 Metaspace       used 112410K, committed 114304K, reserved 1179648K
  class space    used 14295K, committed 15488K, reserved 1048576K
}

