# JRE version: OpenJDK Runtime Environment Microsoft-11369940 (21.0.7+6) (build 21.0.7+6-LTS)
# Java VM: OpenJDK 64-Bit Server VM Microsoft-11369940 (21.0.7+6-LTS, mixed mode, tiered, compressed oops, compressed class ptrs, g1 gc, windows-amd64)
GC Precious Log:
 CardTable entry size: 512
 Card Set container configuration: InlinePtr #cards 3 size 8 Array Of Cards #cards 256 size 528 Howl #buckets 8 coarsen threshold 58982 Howl Bitmap #cards 8192 size 1040 coarsen threshold 7372 Card regions per heap region 1 cards per card region 65536
 CPUs: 8 total, 8 available
 Memory: 16328M
 Large Page Support: Disabled
 NUMA Support: Disabled
 Compressed Oops: Enabled (32-bit)
 Heap Region Size: 32M
 Heap Min Capacity: 32M
 Heap Initial Capacity: 256M
 Heap Max Capacity: 2G
 Pre-touch: Disabled
 Parallel Workers: 8
 Concurrent Workers: 2
 Concurrent Refinement Workers: 8
 Periodic GC: Disabled
Heap:
 garbage-first heap   total 655360K, used 371693K [0x0000000080000000, 0x0000000100000000)
  region size 32768K, 3 young (98304K), 1 survivors (32768K)
 Metaspace       used 141235K, committed 142720K, reserved 1179648K
  class space    used 20974K, committed 21632K, reserved 1048576K
GC Heap History (20 events):
Event: 31.508 GC heap before
{Heap before GC invocations=47 (full 0):
 garbage-first heap   total 524288K, used 413618K [0x0000000080000000, 0x0000000100000000)
  region size 32768K, 6 young (196608K), 1 survivors (32768K)
 Metaspace       used 122195K, committed 123520K, reserved 1179648K
  class space    used 18092K, committed 18688K, reserved 1048576K
}
Event: 31.520 GC heap after
{Heap after GC invocations=48 (full 0):
 garbage-first heap   total 524288K, used 251982K [0x0000000080000000, 0x0000000100000000)
  region size 32768K, 1 young (32768K), 1 survivors (32768K)
 Metaspace       used 122195K, committed 123520K, reserved 1179648K
  class space    used 18092K, committed 18688K, reserved 1048576K
}
Event: 32.247 GC heap before
{Heap before GC invocations=49 (full 0):
 garbage-first heap   total 524288K, used 383054K [0x0000000080000000, 0x0000000100000000)
  region size 32768K, 5 young (163840K), 1 survivors (32768K)
 Metaspace       used 123047K, committed 124416K, reserved 1179648K
  class space    used 18180K, committed 18816K, reserved 1048576K
}
Event: 32.259 GC heap after
{Heap after GC invocations=50 (full 0):
 garbage-first heap   total 524288K, used 262381K [0x0000000080000000, 0x0000000100000000)
  region size 32768K, 1 young (32768K), 1 survivors (32768K)
 Metaspace       used 123047K, committed 124416K, reserved 1179648K
  class space    used 18180K, committed 18816K, reserved 1048576K
}
Event: 32.625 GC heap before
{Heap before GC invocations=50 (full 0):
 garbage-first heap   total 524288K, used 393453K [0x0000000080000000, 0x0000000100000000)
  region size 32768K, 5 young (163840K), 1 survivors (32768K)
 Metaspace       used 123244K, committed 124544K, reserved 1179648K
  class space    used 18196K, committed 18816K, reserved 1048576K
}
Event: 32.655 GC heap after
{Heap after GC invocations=51 (full 0):
 garbage-first heap   total 524288K, used 270603K [0x0000000080000000, 0x0000000100000000)
  region size 32768K, 1 young (32768K), 1 survivors (32768K)
 Metaspace       used 123244K, committed 124544K, reserved 1179648K
  class space    used 18196K, committed 18816K, reserved 1048576K
}
Event: 33.251 GC heap before
{Heap before GC invocations=51 (full 0):
 garbage-first heap   total 524288K, used 401675K [0x0000000080000000, 0x0000000100000000)
  region size 32768K, 5 young (163840K), 1 survivors (32768K)
 Metaspace       used 124249K, committed 125632K, reserved 1179648K
  class space    used 18386K, committed 19008K, reserved 1048576K
}
Event: 33.277 GC heap after
{Heap after GC invocations=52 (full 0):
 garbage-first heap   total 655360K, used 302209K [0x0000000080000000, 0x0000000100000000)
  region size 32768K, 1 young (32768K), 1 survivors (32768K)
 Metaspace       used 124249K, committed 125632K, reserved 1179648K
  class space    used 18386K, committed 19008K, reserved 1048576K
}
Event: 46.518 GC heap before
{Heap before GC invocations=53 (full 0):
 garbage-first heap   total 655360K, used 531585K [0x0000000080000000, 0x0000000100000000)
  region size 32768K, 8 young (262144K), 1 survivors (32768K)
 Metaspace       used 129244K, committed 130752K, reserved 1179648K
  class space    used 19105K, committed 19776K, reserved 1048576K
}
Event: 46.539 GC heap after
{Heap after GC invocations=54 (full 0):
 garbage-first heap   total 655360K, used 315701K [0x0000000080000000, 0x0000000100000000)
  region size 32768K, 1 young (32768K), 1 survivors (32768K)
 Metaspace       used 129244K, committed 130752K, reserved 1179648K
  class space    used 19105K, committed 19776K, reserved 1048576K
}
Event: 47.393 GC heap before
{Heap before GC invocations=54 (full 0):
 garbage-first heap   total 655360K, used 512309K [0x0000000080000000, 0x0000000100000000)
  region size 32768K, 7 young (229376K), 1 survivors (32768K)
 Metaspace       used 131608K, committed 132992K, reserved 1179648K
  class space    used 19576K, committed 20224K, reserved 1048576K
}
Event: 47.402 GC heap after
{Heap after GC invocations=55 (full 0):
 garbage-first heap   total 655360K, used 318328K [0x0000000080000000, 0x0000000100000000)
  region size 32768K, 1 young (32768K), 1 survivors (32768K)
 Metaspace       used 131608K, committed 132992K, reserved 1179648K
  class space    used 19576K, committed 20224K, reserved 1048576K
}
Event: 48.031 GC heap before
{Heap before GC invocations=56 (full 0):
 garbage-first heap   total 655360K, used 514936K [0x0000000080000000, 0x0000000100000000)
  region size 32768K, 7 young (229376K), 1 survivors (32768K)
 Metaspace       used 134554K, committed 135936K, reserved 1179648K
  class space    used 20026K, committed 20672K, reserved 1048576K
}
Event: 48.044 GC heap after
{Heap after GC invocations=57 (full 0):
 garbage-first heap   total 655360K, used 329351K [0x0000000080000000, 0x0000000100000000)
  region size 32768K, 1 young (32768K), 1 survivors (32768K)
 Metaspace       used 134554K, committed 135936K, reserved 1179648K
  class space    used 20026K, committed 20672K, reserved 1048576K
}
Event: 48.597 GC heap before
{Heap before GC invocations=57 (full 0):
 garbage-first heap   total 655360K, used 525959K [0x0000000080000000, 0x0000000100000000)
  region size 32768K, 7 young (229376K), 1 survivors (32768K)
 Metaspace       used 136005K, committed 137344K, reserved 1179648K
  class space    used 20327K, committed 20928K, reserved 1048576K
}
Event: 48.611 GC heap after
{Heap after GC invocations=58 (full 0):
 garbage-first heap   total 655360K, used 332076K [0x0000000080000000, 0x0000000100000000)
  region size 32768K, 1 young (32768K), 1 survivors (32768K)
 Metaspace       used 136005K, committed 137344K, reserved 1179648K
  class space    used 20327K, committed 20928K, reserved 1048576K
}
Event: 49.269 GC heap before
{Heap before GC invocations=59 (full 0):
 garbage-first heap   total 655360K, used 528684K [0x0000000080000000, 0x0000000100000000)
  region size 32768K, 7 young (229376K), 1 survivors (32768K)
 Metaspace       used 136127K, committed 137536K, reserved 1179648K
  class space    used 20345K, committed 20992K, reserved 1048576K
}
Event: 49.283 GC heap after
{Heap after GC invocations=60 (full 0):
 garbage-first heap   total 655360K, used 334589K [0x0000000080000000, 0x0000000100000000)
  region size 32768K, 1 young (32768K), 1 survivors (32768K)
 Metaspace       used 136127K, committed 137536K, reserved 1179648K
  class space    used 20345K, committed 20992K, reserved 1048576K
}
Event: 60.996 GC heap before
{Heap before GC invocations=60 (full 0):
 garbage-first heap   total 655360K, used 531197K [0x0000000080000000, 0x0000000100000000)
  region size 32768K, 7 young (229376K), 1 survivors (32768K)
 Metaspace       used 139299K, committed 140800K, reserved 1179648K
  class space    used 20762K, committed 21440K, reserved 1048576K
}
Event: 61.011 GC heap after
{Heap after GC invocations=61 (full 0):
 garbage-first heap   total 655360K, used 338925K [0x0000000080000000, 0x0000000100000000)
  region size 32768K, 1 young (32768K), 1 survivors (32768K)
 Metaspace       used 139299K, committed 140800K, reserved 1179648K
  class space    used 20762K, committed 21440K, reserved 1048576K
}

